<?xml version="1.0" encoding="UTF-8"?>
<!-- Generated by org.testng.reporters.JUnitReportReporter -->
<testsuite hostname="AJAY" failures="0" tests="2" name="TestCases.LoginTestCase" time="7.041" errors="0" timestamp="2023-07-05T16:35:15 IST" skipped="0">
  <testcase classname="TestCases.LoginTestCase" name="verifyLogin" time="3.616"/>
  <system-out/>
  <testcase classname="TestCases.LoginTestCase" name="verifyLogin" time="3.425"/>
  <system-out/>
</testsuite> <!-- TestCases.LoginTestCase -->
