<?xml version="1.0" encoding="UTF-8"?>
<!-- Generated by org.testng.reporters.JUnitReportReporter -->
<testsuite hostname="AJAY" failures="0" tests="1" name="TestCases.SignUpTestCases" time="15.993" errors="0" timestamp="2023-07-05T16:35:15 IST" skipped="0">
  <testcase classname="TestCases.SignUpTestCases" name="verifySignUp" time="15.993"/>
  <system-out/>
</testsuite> <!-- TestCases.SignUpTestCases -->
